<?xml version="1.0" encoding="UTF-8"?>
<testsuite name="com.news.report.WordEnumTest" tests="2" skipped="0" failures="0" errors="0" timestamp="2016-03-07T12:09:13" hostname="Stephens-MBP.attlocal.net" time="0.0">
  <properties/>
  <testcase name="getValidTest" classname="com.news.report.WordEnumTest" time="0.0"/>
  <testcase name="getEnumValue" classname="com.news.report.WordEnumTest" time="0.0"/>
  <system-out><![CDATA[]]></system-out>
  <system-err><![CDATA[]]></system-err>
</testsuite>
